TN:
SF:app.js
FN:9,(anonymous_0)
FNF:1
FNH:0
FNDA:0,(anonymous_0)
DA:2,1
DA:3,1
DA:5,1
DA:6,1
DA:7,1
DA:9,1
DA:10,0
DA:13,1
LF:8
LH:7
BRF:0
BRH:0
end_of_record
TN:
SF:models\Book.js
FNF:0
FNH:0
DA:1,1
DA:4,1
DA:13,1
DA:14,1
LF:4
LH:4
BRF:0
BRH:0
end_of_record
TN:
SF:routes\bookRoutes.js
FN:6,(anonymous_0)
FN:12,(anonymous_1)
FN:18,(anonymous_2)
FN:24,(anonymous_3)
FNF:4
FNH:4
FNDA:1,(anonymous_0)
FNDA:1,(anonymous_1)
FNDA:1,(anonymous_2)
FNDA:1,(anonymous_3)
DA:1,1
DA:2,1
DA:3,1
DA:6,1
DA:7,1
DA:8,1
DA:12,1
DA:13,1
DA:14,1
DA:18,1
DA:19,1
DA:20,1
DA:24,1
DA:25,1
DA:26,1
DA:29,1
LF:16
LH:16
BRF:0
BRH:0
end_of_record
TN:
SF:tests\setup.js
FN:6,(anonymous_0)
FN:12,(anonymous_1)
FN:19,(anonymous_2)
FNF:3
FNH:3
FNDA:1,(anonymous_0)
FNDA:4,(anonymous_1)
FNDA:1,(anonymous_2)
DA:1,1
DA:2,1
DA:6,1
DA:7,1
DA:8,1
DA:9,1
DA:12,1
DA:13,4
DA:14,4
DA:15,4
DA:19,1
DA:20,1
DA:21,1
DA:22,1
DA:25,1
LF:15
LH:15
BRF:0
BRH:0
end_of_record
